Error: Invalid or corrupt jarfile /home/ec2-user//

  .   ____          _            __ _ _
 /\\ / ___'_ __ _ _(_)_ __  __ _ \ \ \ \
( ( )\___ | '_ | '_| | '_ \/ _` | \ \ \ \
 \\/  ___)| |_)| | | | | || (_| |  ) ) ) )
  '  |____| .__|_| |_|_| |_\__, | / / / /
 =========|_|==============|___/=/_/_/_/
 :: Spring Boot ::                (v2.4.0)

2020-11-28 14:24:29.168  INFO 22620 --- [           main] c.s.s.StonemanagerServerApplication      : Starting StonemanagerServerApplication using Java 11.0.7 on ip-172-31-45-121.ap-northeast-2.compute.internal with PID 22620 (/home/ec2-user/stonemanager_server-0.0.1-SNAPSHOT.jar started by ec2-user in /home/ec2-user/stonemanager_server)
2020-11-28 14:24:29.175  INFO 22620 --- [           main] c.s.s.StonemanagerServerApplication      : No active profile set, falling back to default profiles: default
2020-11-28 14:24:31.799  INFO 22620 --- [           main] .s.d.r.c.RepositoryConfigurationDelegate : Bootstrapping Spring Data JPA repositories in DEFERRED mode.
2020-11-28 14:24:32.152  INFO 22620 --- [           main] .s.d.r.c.RepositoryConfigurationDelegate : Finished Spring Data repository scanning in 335 ms. Found 20 JPA repository interfaces.
2020-11-28 14:24:33.650  INFO 22620 --- [           main] o.s.b.w.embedded.tomcat.TomcatWebServer  : Tomcat initialized with port(s): 8080 (http)
2020-11-28 14:24:33.678  INFO 22620 --- [           main] o.apache.catalina.core.StandardService   : Starting service [Tomcat]
2020-11-28 14:24:33.678  INFO 22620 --- [           main] org.apache.catalina.core.StandardEngine  : Starting Servlet engine: [Apache Tomcat/9.0.39]
2020-11-28 14:24:33.850  INFO 22620 --- [           main] o.a.c.c.C.[Tomcat].[localhost].[/]       : Initializing Spring embedded WebApplicationContext
2020-11-28 14:24:33.850  INFO 22620 --- [           main] w.s.c.ServletWebServerApplicationContext : Root WebApplicationContext: initialization completed in 4544 ms
2020-11-28 14:24:35.186  INFO 22620 --- [           main] o.s.s.concurrent.ThreadPoolTaskExecutor  : Initializing ExecutorService 'applicationTaskExecutor'
2020-11-28 14:24:35.341  INFO 22620 --- [         task-1] o.hibernate.jpa.internal.util.LogHelper  : HHH000204: Processing PersistenceUnitInfo [name: default]
2020-11-28 14:24:35.618  INFO 22620 --- [         task-1] org.hibernate.Version                    : HHH000412: Hibernate ORM core version 5.4.23.Final
2020-11-28 14:24:36.295  INFO 22620 --- [         task-1] o.hibernate.annotations.common.Version   : HCANN000001: Hibernate Commons Annotations {5.1.2.Final}
2020-11-28 14:24:36.735  INFO 22620 --- [         task-1] com.zaxxer.hikari.HikariDataSource       : HikariPool-1 - Starting...
2020-11-28 14:24:37.997  INFO 22620 --- [           main] o.s.b.a.e.web.EndpointLinksResolver      : Exposing 2 endpoint(s) beneath base path '/actuator'
2020-11-28 14:24:38.154  INFO 22620 --- [         task-1] com.zaxxer.hikari.HikariDataSource       : HikariPool-1 - Start completed.
2020-11-28 14:24:38.197  INFO 22620 --- [         task-1] org.hibernate.dialect.Dialect            : HHH000400: Using dialect: org.hibernate.dialect.MySQL8Dialect
2020-11-28 14:24:40.829  INFO 22620 --- [         task-1] o.h.e.t.j.p.i.JtaPlatformInitiator       : HHH000490: Using JtaPlatform implementation: [org.hibernate.engine.transaction.jta.platform.internal.NoJtaPlatform]
2020-11-28 14:24:40.854  INFO 22620 --- [         task-1] j.LocalContainerEntityManagerFactoryBean : Initialized JPA EntityManagerFactory for persistence unit 'default'
2020-11-28 14:24:40.923  INFO 22620 --- [           main] o.s.b.w.embedded.tomcat.TomcatWebServer  : Tomcat started on port(s): 8080 (http) with context path ''
2020-11-28 14:24:40.932  INFO 22620 --- [           main] DeferredRepositoryInitializationListener : Triggering deferred initialization of Spring Data repositories…
2020-11-28 14:24:42.482  INFO 22620 --- [           main] DeferredRepositoryInitializationListener : Spring Data repositories initialized!
2020-11-28 14:24:42.509  INFO 22620 --- [           main] c.s.s.StonemanagerServerApplication      : Started StonemanagerServerApplication in 14.636 seconds (JVM running for 15.904)

  .   ____          _            __ _ _
 /\\ / ___'_ __ _ _(_)_ __  __ _ \ \ \ \
( ( )\___ | '_ | '_| | '_ \/ _` | \ \ \ \
 \\/  ___)| |_)| | | | | || (_| |  ) ) ) )
  '  |____| .__|_| |_|_| |_\__, | / / / /
 =========|_|==============|___/=/_/_/_/
 :: Spring Boot ::                (v2.4.0)

2020-11-28 14:34:28.151  INFO 22863 --- [           main] c.s.s.StonemanagerServerApplication      : Starting StonemanagerServerApplication using Java 11.0.7 on ip-172-31-45-121.ap-northeast-2.compute.internal with PID 22863 (/home/ec2-user/stonemanager_server-0.0.1-SNAPSHOT.jar started by ec2-user in /home/ec2-user/stonemanager_server)
2020-11-28 14:34:28.159  INFO 22863 --- [           main] c.s.s.StonemanagerServerApplication      : No active profile set, falling back to default profiles: default
2020-11-28 14:34:30.974  INFO 22863 --- [           main] .s.d.r.c.RepositoryConfigurationDelegate : Bootstrapping Spring Data JPA repositories in DEFERRED mode.
2020-11-28 14:34:31.325  INFO 22863 --- [           main] .s.d.r.c.RepositoryConfigurationDelegate : Finished Spring Data repository scanning in 333 ms. Found 20 JPA repository interfaces.
2020-11-28 14:34:32.842  INFO 22863 --- [           main] o.s.b.w.embedded.tomcat.TomcatWebServer  : Tomcat initialized with port(s): 8080 (http)
2020-11-28 14:34:32.877  INFO 22863 --- [           main] o.apache.catalina.core.StandardService   : Starting service [Tomcat]
2020-11-28 14:34:32.877  INFO 22863 --- [           main] org.apache.catalina.core.StandardEngine  : Starting Servlet engine: [Apache Tomcat/9.0.39]
2020-11-28 14:34:33.055  INFO 22863 --- [           main] o.a.c.c.C.[Tomcat].[localhost].[/]       : Initializing Spring embedded WebApplicationContext
2020-11-28 14:34:33.055  INFO 22863 --- [           main] w.s.c.ServletWebServerApplicationContext : Root WebApplicationContext: initialization completed in 4744 ms
2020-11-28 14:34:34.410  INFO 22863 --- [           main] o.s.s.concurrent.ThreadPoolTaskExecutor  : Initializing ExecutorService 'applicationTaskExecutor'
2020-11-28 14:34:34.648  INFO 22863 --- [         task-1] o.hibernate.jpa.internal.util.LogHelper  : HHH000204: Processing PersistenceUnitInfo [name: default]
2020-11-28 14:34:34.860  INFO 22863 --- [         task-1] org.hibernate.Version                    : HHH000412: Hibernate ORM core version 5.4.23.Final
2020-11-28 14:34:35.530  INFO 22863 --- [         task-1] o.hibernate.annotations.common.Version   : HCANN000001: Hibernate Commons Annotations {5.1.2.Final}
2020-11-28 14:34:35.968  INFO 22863 --- [         task-1] com.zaxxer.hikari.HikariDataSource       : HikariPool-1 - Starting...
2020-11-28 14:34:37.177  INFO 22863 --- [           main] o.s.b.a.e.web.EndpointLinksResolver      : Exposing 2 endpoint(s) beneath base path '/actuator'
2020-11-28 14:34:37.314  INFO 22863 --- [         task-1] com.zaxxer.hikari.HikariDataSource       : HikariPool-1 - Start completed.
2020-11-28 14:34:37.361  INFO 22863 --- [         task-1] org.hibernate.dialect.Dialect            : HHH000400: Using dialect: org.hibernate.dialect.MySQL8Dialect
2020-11-28 14:34:39.960  INFO 22863 --- [         task-1] o.h.e.t.j.p.i.JtaPlatformInitiator       : HHH000490: Using JtaPlatform implementation: [org.hibernate.engine.transaction.jta.platform.internal.NoJtaPlatform]
2020-11-28 14:34:39.990  INFO 22863 --- [         task-1] j.LocalContainerEntityManagerFactoryBean : Initialized JPA EntityManagerFactory for persistence unit 'default'
2020-11-28 14:34:40.052  INFO 22863 --- [           main] o.s.b.w.embedded.tomcat.TomcatWebServer  : Tomcat started on port(s): 8080 (http) with context path ''
2020-11-28 14:34:40.061  INFO 22863 --- [           main] DeferredRepositoryInitializationListener : Triggering deferred initialization of Spring Data repositories…
2020-11-28 14:34:43.237  INFO 22863 --- [           main] DeferredRepositoryInitializationListener : Spring Data repositories initialized!
2020-11-28 14:34:43.300  INFO 22863 --- [           main] c.s.s.StonemanagerServerApplication      : Started StonemanagerServerApplication in 16.548 seconds (JVM running for 17.948)

  .   ____          _            __ _ _
 /\\ / ___'_ __ _ _(_)_ __  __ _ \ \ \ \
( ( )\___ | '_ | '_| | '_ \/ _` | \ \ \ \
 \\/  ___)| |_)| | | | | || (_| |  ) ) ) )
  '  |____| .__|_| |_|_| |_\__, | / / / /
 =========|_|==============|___/=/_/_/_/
 :: Spring Boot ::                (v2.4.0)

2020-11-28 14:45:09.630  INFO 23157 --- [           main] c.s.s.StonemanagerServerApplication      : Starting StonemanagerServerApplication using Java 11.0.7 on ip-172-31-45-121.ap-northeast-2.compute.internal with PID 23157 (/home/ec2-user/stonemanager_server-0.0.1-SNAPSHOT.jar started by ec2-user in /home/ec2-user/stonemanager_server)
2020-11-28 14:45:09.638  INFO 23157 --- [           main] c.s.s.StonemanagerServerApplication      : No active profile set, falling back to default profiles: default
2020-11-28 14:45:12.286  INFO 23157 --- [           main] .s.d.r.c.RepositoryConfigurationDelegate : Bootstrapping Spring Data JPA repositories in DEFERRED mode.
2020-11-28 14:45:12.632  INFO 23157 --- [           main] .s.d.r.c.RepositoryConfigurationDelegate : Finished Spring Data repository scanning in 329 ms. Found 20 JPA repository interfaces.
2020-11-28 14:45:14.186  INFO 23157 --- [           main] o.s.b.w.embedded.tomcat.TomcatWebServer  : Tomcat initialized with port(s): 8080 (http)
2020-11-28 14:45:14.220  INFO 23157 --- [           main] o.apache.catalina.core.StandardService   : Starting service [Tomcat]
2020-11-28 14:45:14.220  INFO 23157 --- [           main] org.apache.catalina.core.StandardEngine  : Starting Servlet engine: [Apache Tomcat/9.0.39]
2020-11-28 14:45:14.398  INFO 23157 --- [           main] o.a.c.c.C.[Tomcat].[localhost].[/]       : Initializing Spring embedded WebApplicationContext
2020-11-28 14:45:14.398  INFO 23157 --- [           main] w.s.c.ServletWebServerApplicationContext : Root WebApplicationContext: initialization completed in 4620 ms
2020-11-28 14:45:15.749  INFO 23157 --- [           main] o.s.s.concurrent.ThreadPoolTaskExecutor  : Initializing ExecutorService 'applicationTaskExecutor'
2020-11-28 14:45:15.907  INFO 23157 --- [         task-1] o.hibernate.jpa.internal.util.LogHelper  : HHH000204: Processing PersistenceUnitInfo [name: default]
2020-11-28 14:45:16.190  INFO 23157 --- [         task-1] org.hibernate.Version                    : HHH000412: Hibernate ORM core version 5.4.23.Final
2020-11-28 14:45:16.845  INFO 23157 --- [         task-1] o.hibernate.annotations.common.Version   : HCANN000001: Hibernate Commons Annotations {5.1.2.Final}
2020-11-28 14:45:17.280  INFO 23157 --- [         task-1] com.zaxxer.hikari.HikariDataSource       : HikariPool-1 - Starting...
2020-11-28 14:45:18.485  INFO 23157 --- [           main] o.s.b.a.e.web.EndpointLinksResolver      : Exposing 2 endpoint(s) beneath base path '/actuator'
2020-11-28 14:45:18.625  INFO 23157 --- [         task-1] com.zaxxer.hikari.HikariDataSource       : HikariPool-1 - Start completed.
2020-11-28 14:45:18.686  INFO 23157 --- [         task-1] org.hibernate.dialect.Dialect            : HHH000400: Using dialect: org.hibernate.dialect.MySQL8Dialect
2020-11-28 14:45:21.302  INFO 23157 --- [         task-1] o.h.e.t.j.p.i.JtaPlatformInitiator       : HHH000490: Using JtaPlatform implementation: [org.hibernate.engine.transaction.jta.platform.internal.NoJtaPlatform]
2020-11-28 14:45:21.326  INFO 23157 --- [         task-1] j.LocalContainerEntityManagerFactoryBean : Initialized JPA EntityManagerFactory for persistence unit 'default'
2020-11-28 14:45:21.391  INFO 23157 --- [           main] o.s.b.w.embedded.tomcat.TomcatWebServer  : Tomcat started on port(s): 8080 (http) with context path ''
2020-11-28 14:45:21.399  INFO 23157 --- [           main] DeferredRepositoryInitializationListener : Triggering deferred initialization of Spring Data repositories…
2020-11-28 14:45:22.959  INFO 23157 --- [           main] DeferredRepositoryInitializationListener : Spring Data repositories initialized!
2020-11-28 14:45:22.985  INFO 23157 --- [           main] c.s.s.StonemanagerServerApplication      : Started StonemanagerServerApplication in 14.716 seconds (JVM running for 16.044)
2020-11-28 14:45:52.897  INFO 23157 --- [nio-8080-exec-1] o.a.c.c.C.[Tomcat].[localhost].[/]       : Initializing Spring DispatcherServlet 'dispatcherServlet'
2020-11-28 14:45:52.897  INFO 23157 --- [nio-8080-exec-1] o.s.web.servlet.DispatcherServlet        : Initializing Servlet 'dispatcherServlet'
2020-11-28 14:45:52.908  INFO 23157 --- [nio-8080-exec-1] o.s.web.servlet.DispatcherServlet        : Completed initialization in 10 ms
Hibernate: select user0_.user_idx as user_idx1_16_0_, user0_.email as email2_16_0_, user0_.image as image3_16_0_, user0_.name as name4_16_0_, user0_.pw as pw5_16_0_, user0_.salt as salt6_16_0_, user0_.student_id as student_7_16_0_ from user user0_ where user0_.user_idx=?
Hibernate: select project0_.project_idx as project_1_5_0_, project0_.project_name as project_2_5_0_, project0_.subject_idx as subject_4_5_0_, project0_.team_name as team_nam3_5_0_ from project project0_ where project0_.project_idx=?
Hibernate: select projectuse0_.project_idx as project_2_6_0_, projectuse0_.project_user_idx as project_1_6_0_, projectuse0_.project_user_idx as project_1_6_1_, projectuse0_.project_idx as project_2_6_1_, projectuse0_.user_idx as user_idx3_6_1_ from project_user projectuse0_ where projectuse0_.project_idx=?
Hibernate: select taskset0_.project_idx as project_6_13_0_, taskset0_.task_idx as task_idx1_13_0_, taskset0_.task_idx as task_idx1_13_1_, taskset0_.deadline as deadline2_13_1_, taskset0_.description as descript3_13_1_, taskset0_.name as name4_13_1_, taskset0_.project_idx as project_6_13_1_, taskset0_.state as state5_13_1_ from task taskset0_ where taskset0_.project_idx=?
Not Found Exception taskId : 19
2020-11-28 14:48:54.726  WARN 23157 --- [nio-8080-exec-4] .w.s.m.s.DefaultHandlerExceptionResolver : Resolved [org.springframework.web.bind.MissingRequestHeaderException: Missing request header 'userIndex' for method parameter of type Long]
2020-11-28 14:48:55.453  WARN 23157 --- [nio-8080-exec-5] .w.s.m.s.DefaultHandlerExceptionResolver : Resolved [org.springframework.web.bind.MissingRequestHeaderException: Missing request header 'userIndex' for method parameter of type Long]
2020-11-28 14:48:56.571  WARN 23157 --- [nio-8080-exec-6] .w.s.m.s.DefaultHandlerExceptionResolver : Resolved [org.springframework.web.bind.MissingRequestHeaderException: Missing request header 'userIndex' for method parameter of type Long]
2020-11-28 14:48:57.188  WARN 23157 --- [nio-8080-exec-7] .w.s.m.s.DefaultHandlerExceptionResolver : Resolved [org.springframework.web.bind.MissingRequestHeaderException: Missing request header 'userIndex' for method parameter of type Long]
2020-11-28 14:48:57.748  WARN 23157 --- [nio-8080-exec-8] .w.s.m.s.DefaultHandlerExceptionResolver : Resolved [org.springframework.web.bind.MissingRequestHeaderException: Missing request header 'userIndex' for method parameter of type Long]
2020-11-28 14:48:58.120  WARN 23157 --- [nio-8080-exec-9] .w.s.m.s.DefaultHandlerExceptionResolver : Resolved [org.springframework.web.bind.MissingRequestHeaderException: Missing request header 'userIndex' for method parameter of type Long]
2020-11-28 14:48:58.393  WARN 23157 --- [io-8080-exec-10] .w.s.m.s.DefaultHandlerExceptionResolver : Resolved [org.springframework.web.bind.MissingRequestHeaderException: Missing request header 'userIndex' for method parameter of type Long]
2020-11-28 14:48:58.761  WARN 23157 --- [nio-8080-exec-1] .w.s.m.s.DefaultHandlerExceptionResolver : Resolved [org.springframework.web.bind.MissingRequestHeaderException: Missing request header 'userIndex' for method parameter of type Long]

  .   ____          _            __ _ _
 /\\ / ___'_ __ _ _(_)_ __  __ _ \ \ \ \
( ( )\___ | '_ | '_| | '_ \/ _` | \ \ \ \
 \\/  ___)| |_)| | | | | || (_| |  ) ) ) )
  '  |____| .__|_| |_|_| |_\__, | / / / /
 =========|_|==============|___/=/_/_/_/
 :: Spring Boot ::                (v2.4.0)

2020-11-28 14:51:49.802  INFO 23375 --- [           main] c.s.s.StonemanagerServerApplication      : Starting StonemanagerServerApplication using Java 11.0.7 on ip-172-31-45-121.ap-northeast-2.compute.internal with PID 23375 (/home/ec2-user/stonemanager_server-0.0.1-SNAPSHOT.jar started by ec2-user in /home/ec2-user/stonemanager_server)
2020-11-28 14:51:49.810  INFO 23375 --- [           main] c.s.s.StonemanagerServerApplication      : No active profile set, falling back to default profiles: default
2020-11-28 14:51:52.474  INFO 23375 --- [           main] .s.d.r.c.RepositoryConfigurationDelegate : Bootstrapping Spring Data JPA repositories in DEFERRED mode.
2020-11-28 14:51:52.831  INFO 23375 --- [           main] .s.d.r.c.RepositoryConfigurationDelegate : Finished Spring Data repository scanning in 340 ms. Found 20 JPA repository interfaces.
2020-11-28 14:51:54.327  INFO 23375 --- [           main] o.s.b.w.embedded.tomcat.TomcatWebServer  : Tomcat initialized with port(s): 8080 (http)
2020-11-28 14:51:54.357  INFO 23375 --- [           main] o.apache.catalina.core.StandardService   : Starting service [Tomcat]
2020-11-28 14:51:54.357  INFO 23375 --- [           main] org.apache.catalina.core.StandardEngine  : Starting Servlet engine: [Apache Tomcat/9.0.39]
2020-11-28 14:51:54.530  INFO 23375 --- [           main] o.a.c.c.C.[Tomcat].[localhost].[/]       : Initializing Spring embedded WebApplicationContext
2020-11-28 14:51:54.530  INFO 23375 --- [           main] w.s.c.ServletWebServerApplicationContext : Root WebApplicationContext: initialization completed in 4579 ms
2020-11-28 14:51:55.903  INFO 23375 --- [           main] o.s.s.concurrent.ThreadPoolTaskExecutor  : Initializing ExecutorService 'applicationTaskExecutor'
2020-11-28 14:51:56.060  INFO 23375 --- [         task-1] o.hibernate.jpa.internal.util.LogHelper  : HHH000204: Processing PersistenceUnitInfo [name: default]
2020-11-28 14:51:56.346  INFO 23375 --- [         task-1] org.hibernate.Version                    : HHH000412: Hibernate ORM core version 5.4.23.Final
2020-11-28 14:51:57.013  INFO 23375 --- [         task-1] o.hibernate.annotations.common.Version   : HCANN000001: Hibernate Commons Annotations {5.1.2.Final}
2020-11-28 14:51:57.463  INFO 23375 --- [         task-1] com.zaxxer.hikari.HikariDataSource       : HikariPool-1 - Starting...
2020-11-28 14:51:58.673  INFO 23375 --- [           main] o.s.b.a.e.web.EndpointLinksResolver      : Exposing 2 endpoint(s) beneath base path '/actuator'
2020-11-28 14:51:58.806  INFO 23375 --- [         task-1] com.zaxxer.hikari.HikariDataSource       : HikariPool-1 - Start completed.
2020-11-28 14:51:58.862  INFO 23375 --- [         task-1] org.hibernate.dialect.Dialect            : HHH000400: Using dialect: org.hibernate.dialect.MySQL8Dialect
2020-11-28 14:52:01.495  INFO 23375 --- [         task-1] o.h.e.t.j.p.i.JtaPlatformInitiator       : HHH000490: Using JtaPlatform implementation: [org.hibernate.engine.transaction.jta.platform.internal.NoJtaPlatform]
2020-11-28 14:52:01.522  INFO 23375 --- [         task-1] j.LocalContainerEntityManagerFactoryBean : Initialized JPA EntityManagerFactory for persistence unit 'default'
2020-11-28 14:52:01.617  INFO 23375 --- [           main] o.s.b.w.embedded.tomcat.TomcatWebServer  : Tomcat started on port(s): 8080 (http) with context path ''
2020-11-28 14:52:01.623  INFO 23375 --- [           main] DeferredRepositoryInitializationListener : Triggering deferred initialization of Spring Data repositories…
2020-11-28 14:52:03.204  INFO 23375 --- [           main] DeferredRepositoryInitializationListener : Spring Data repositories initialized!
2020-11-28 14:52:03.233  INFO 23375 --- [           main] c.s.s.StonemanagerServerApplication      : Started StonemanagerServerApplication in 14.782 seconds (JVM running for 16.059)
